{"C:\\Users\\Notebook\\Downloads\\MaxiReact\\xicor\\src\\components\\OrderCard.tsx": {"path":"C:\\Users\\Notebook\\Downloads\\MaxiReact\\xicor\\src\\components\\OrderCard.tsx","statementMap":{"0":{"start":{"line":12,"column":44},"end":{"line":89,"column":null}},"1":{"start":{"line":13,"column":26},"end":{"line":22,"column":null}},"2":{"start":{"line":14,"column":8},"end":{"line":21,"column":null}},"3":{"start":{"line":15,"column":30},"end":{"line":15,"column":null}},"4":{"start":{"line":16,"column":29},"end":{"line":16,"column":null}},"5":{"start":{"line":17,"column":28},"end":{"line":17,"column":null}},"6":{"start":{"line":18,"column":30},"end":{"line":18,"column":null}},"7":{"start":{"line":19,"column":30},"end":{"line":19,"column":null}},"8":{"start":{"line":20,"column":21},"end":{"line":20,"column":null}},"9":{"start":{"line":24,"column":4},"end":{"line":80,"column":null}},"10":{"start":{"line":53,"column":53},"end":{"line":54,"column":48}},"11":{"start":{"line":79,"column":47},"end":{"line":79,"column":null}}},"fnMap":{"0":{"name":"(anonymous_0)","decl":{"start":{"line":12,"column":44},"end":{"line":12,"column":45}},"loc":{"start":{"line":12,"column":69},"end":{"line":89,"column":null}},"line":12},"1":{"name":"(anonymous_1)","decl":{"start":{"line":13,"column":26},"end":{"line":13,"column":27}},"loc":{"start":{"line":13,"column":27},"end":{"line":22,"column":null}},"line":13},"2":{"name":"(anonymous_2)","decl":{"start":{"line":53,"column":49},"end":{"line":53,"column":50}},"loc":{"start":{"line":53,"column":53},"end":{"line":54,"column":48}},"line":53},"3":{"name":"(anonymous_3)","decl":{"start":{"line":79,"column":41},"end":{"line":79,"column":47}},"loc":{"start":{"line":79,"column":47},"end":{"line":79,"column":null}},"line":79}},"branchMap":{"0":{"loc":{"start":{"line":14,"column":8},"end":{"line":21,"column":null}},"type":"switch","locations":[{"start":{"line":15,"column":12},"end":{"line":15,"column":null}},{"start":{"line":16,"column":12},"end":{"line":16,"column":null}},{"start":{"line":17,"column":12},"end":{"line":17,"column":null}},{"start":{"line":18,"column":12},"end":{"line":18,"column":null}},{"start":{"line":19,"column":12},"end":{"line":19,"column":null}},{"start":{"line":20,"column":12},"end":{"line":20,"column":null}}],"line":14},"1":{"loc":{"start":{"line":59,"column":25},"end":{"line":61,"column":null}},"type":"binary-expr","locations":[{"start":{"line":59,"column":25},"end":{"line":59,"column":47}},{"start":{"line":59,"column":47},"end":{"line":61,"column":null}}],"line":59},"2":{"loc":{"start":{"line":76,"column":25},"end":{"line":80,"column":null}},"type":"binary-expr","locations":[{"start":{"line":76,"column":25},"end":{"line":76,"column":null}},{"start":{"line":76,"column":25},"end":{"line":80,"column":null}}],"line":76}},"s":{"0":2,"1":3,"2":3,"3":2,"4":0,"5":0,"6":1,"7":0,"8":0,"9":3,"10":0,"11":0},"f":{"0":3,"1":3,"2":0,"3":0},"b":{"0":[2,0,0,1,0,0],"1":[3,0],"2":[3,0]},"meta":{"lastBranch":3,"lastFunction":4,"lastStatement":12,"seen":{"s:12:44:89:Infinity":0,"f:12:44:12:45":0,"s:13:26:22:Infinity":1,"f:13:26:13:27":1,"b:15:12:15:Infinity:16:12:16:Infinity:17:12:17:Infinity:18:12:18:Infinity:19:12:19:Infinity:20:12:20:Infinity":0,"s:14:8:21:Infinity":2,"s:15:30:15:Infinity":3,"s:16:29:16:Infinity":4,"s:17:28:17:Infinity":5,"s:18:30:18:Infinity":6,"s:19:30:19:Infinity":7,"s:20:21:20:Infinity":8,"s:24:4:80:Infinity":9,"f:53:49:53:50":2,"s:53:53:54:48":10,"b:59:25:59:47:59:47:61:Infinity":1,"b:76:25:76:Infinity:76:25:80:Infinity":2,"f:79:41:79:47":3,"s:79:47:79:Infinity":11}}}
,"C:\\Users\\Notebook\\Downloads\\MaxiReact\\xicor\\src\\components\\ProductCard.tsx": {"path":"C:\\Users\\Notebook\\Downloads\\MaxiReact\\xicor\\src\\components\\ProductCard.tsx","statementMap":{"0":{"start":{"line":13,"column":48},"end":{"line":59,"column":null}},"1":{"start":{"line":14,"column":23},"end":{"line":14,"column":null}},"2":{"start":{"line":15,"column":25},"end":{"line":15,"column":null}},"3":{"start":{"line":17,"column":4},"end":{"line":50,"column":null}},"4":{"start":{"line":42,"column":47},"end":{"line":42,"column":null}}},"fnMap":{"0":{"name":"(anonymous_0)","decl":{"start":{"line":13,"column":48},"end":{"line":13,"column":49}},"loc":{"start":{"line":13,"column":91},"end":{"line":59,"column":null}},"line":13},"1":{"name":"(anonymous_1)","decl":{"start":{"line":42,"column":41},"end":{"line":42,"column":47}},"loc":{"start":{"line":42,"column":47},"end":{"line":42,"column":null}},"line":42}},"branchMap":{"0":{"loc":{"start":{"line":13,"column":73},"end":{"line":13,"column":89}},"type":"default-arg","locations":[{"start":{"line":13,"column":84},"end":{"line":13,"column":89}}],"line":13},"1":{"loc":{"start":{"line":14,"column":23},"end":{"line":14,"column":null}},"type":"binary-expr","locations":[{"start":{"line":14,"column":23},"end":{"line":14,"column":60}},{"start":{"line":14,"column":64},"end":{"line":14,"column":null}}],"line":14},"2":{"loc":{"start":{"line":32,"column":48},"end":{"line":32,"column":123}},"type":"cond-expr","locations":[{"start":{"line":32,"column":61},"end":{"line":32,"column":78}},{"start":{"line":32,"column":78},"end":{"line":32,"column":123}}],"line":32},"3":{"loc":{"start":{"line":32,"column":78},"end":{"line":32,"column":123}},"type":"cond-expr","locations":[{"start":{"line":32,"column":93},"end":{"line":32,"column":109}},{"start":{"line":32,"column":109},"end":{"line":32,"column":123}}],"line":32},"4":{"loc":{"start":{"line":35,"column":25},"end":{"line":35,"column":null}},"type":"binary-expr","locations":[{"start":{"line":35,"column":25},"end":{"line":35,"column":39}},{"start":{"line":35,"column":39},"end":{"line":35,"column":null}}],"line":35},"5":{"loc":{"start":{"line":36,"column":25},"end":{"line":36,"column":null}},"type":"binary-expr","locations":[{"start":{"line":36,"column":25},"end":{"line":36,"column":41}},{"start":{"line":36,"column":41},"end":{"line":36,"column":null}}],"line":36},"6":{"loc":{"start":{"line":39,"column":25},"end":{"line":50,"column":null}},"type":"cond-expr","locations":[{"start":{"line":39,"column":26},"end":{"line":49,"column":29}},{"start":{"line":49,"column":28},"end":{"line":50,"column":null}}],"line":39}},"s":{"0":2,"1":3,"2":3,"3":3,"4":1},"f":{"0":3,"1":1},"b":{"0":[3],"1":[3,0],"2":[0,3],"3":[1,2],"4":[3,0],"5":[3,1],"6":[2,1]},"meta":{"lastBranch":7,"lastFunction":2,"lastStatement":5,"seen":{"s:13:48:59:Infinity":0,"f:13:48:13:49":0,"b:13:84:13:89":0,"s:14:23:14:Infinity":1,"b:14:23:14:60:14:64:14:Infinity":1,"s:15:25:15:Infinity":2,"s:17:4:50:Infinity":3,"b:32:61:32:78:32:78:32:123":2,"b:32:93:32:109:32:109:32:123":3,"b:35:25:35:39:35:39:35:Infinity":4,"b:36:25:36:41:36:41:36:Infinity":5,"b:39:26:49:29:49:28:50:Infinity":6,"f:42:41:42:47":1,"s:42:47:42:Infinity":4}}}
,"C:\\Users\\Notebook\\Downloads\\MaxiReact\\xicor\\src\\components\\ToastNotification.tsx": {"path":"C:\\Users\\Notebook\\Downloads\\MaxiReact\\xicor\\src\\components\\ToastNotification.tsx","statementMap":{"0":{"start":{"line":20,"column":21},"end":{"line":20,"column":null}},"1":{"start":{"line":22,"column":24},"end":{"line":28,"column":null}},"2":{"start":{"line":23,"column":20},"end":{"line":23,"column":null}},"3":{"start":{"line":24,"column":4},"end":{"line":26,"column":null}},"4":{"start":{"line":25,"column":8},"end":{"line":25,"column":null}},"5":{"start":{"line":27,"column":4},"end":{"line":27,"column":null}},"6":{"start":{"line":34,"column":59},"end":{"line":59,"column":null}},"7":{"start":{"line":35,"column":29},"end":{"line":35,"column":null}},"8":{"start":{"line":37,"column":10},"end":{"line":39,"column":null}},"9":{"start":{"line":38,"column":8},"end":{"line":38,"column":null}},"10":{"start":{"line":38,"column":26},"end":{"line":38,"column":null}},"11":{"start":{"line":38,"column":47},"end":{"line":38,"column":null}},"12":{"start":{"line":41,"column":10},"end":{"line":51,"column":null}},"13":{"start":{"line":42,"column":19},"end":{"line":42,"column":null}},"14":{"start":{"line":43,"column":32},"end":{"line":43,"column":null}},"15":{"start":{"line":45,"column":8},"end":{"line":45,"column":null}},"16":{"start":{"line":45,"column":26},"end":{"line":45,"column":null}},"17":{"start":{"line":48,"column":8},"end":{"line":50,"column":null}},"18":{"start":{"line":49,"column":12},"end":{"line":49,"column":null}},"19":{"start":{"line":53,"column":4},"end":{"line":56,"column":null}},"20":{"start":{"line":67,"column":54},"end":{"line":75,"column":null}},"21":{"start":{"line":68,"column":4},"end":{"line":71,"column":42}},"22":{"start":{"line":70,"column":24},"end":{"line":71,"column":42}},"23":{"start":{"line":83,"column":44},"end":{"line":126,"column":null}},"24":{"start":{"line":84,"column":35},"end":{"line":84,"column":null}},"25":{"start":{"line":86,"column":24},"end":{"line":91,"column":null}},"26":{"start":{"line":87,"column":8},"end":{"line":87,"column":null}},"27":{"start":{"line":88,"column":8},"end":{"line":90,"column":17}},"28":{"start":{"line":89,"column":12},"end":{"line":89,"column":null}},"29":{"start":{"line":93,"column":20},"end":{"line":104,"column":null}},"30":{"start":{"line":94,"column":8},"end":{"line":103,"column":null}},"31":{"start":{"line":96,"column":16},"end":{"line":96,"column":null}},"32":{"start":{"line":98,"column":16},"end":{"line":98,"column":null}},"33":{"start":{"line":100,"column":16},"end":{"line":100,"column":null}},"34":{"start":{"line":102,"column":16},"end":{"line":102,"column":null}},"35":{"start":{"line":106,"column":25},"end":{"line":111,"column":null}},"36":{"start":{"line":107,"column":26},"end":{"line":107,"column":null}},"37":{"start":{"line":108,"column":26},"end":{"line":108,"column":47}},"38":{"start":{"line":109,"column":26},"end":{"line":109,"column":null}},"39":{"start":{"line":110,"column":8},"end":{"line":110,"column":null}},"40":{"start":{"line":113,"column":4},"end":{"line":122,"column":null}}},"fnMap":{"0":{"name":"(anonymous_0)","decl":{"start":{"line":22,"column":24},"end":{"line":22,"column":null}},"loc":{"start":{"line":22,"column":24},"end":{"line":28,"column":null}},"line":22},"1":{"name":"(anonymous_1)","decl":{"start":{"line":34,"column":59},"end":{"line":34,"column":60}},"loc":{"start":{"line":34,"column":72},"end":{"line":59,"column":null}},"line":34},"2":{"name":"(anonymous_2)","decl":{"start":{"line":37,"column":36},"end":{"line":37,"column":37}},"loc":{"start":{"line":37,"column":37},"end":{"line":39,"column":7}},"line":37},"3":{"name":"(anonymous_3)","decl":{"start":{"line":38,"column":18},"end":{"line":38,"column":26}},"loc":{"start":{"line":38,"column":26},"end":{"line":38,"column":null}},"line":38},"4":{"name":"(anonymous_4)","decl":{"start":{"line":38,"column":38},"end":{"line":38,"column":47}},"loc":{"start":{"line":38,"column":47},"end":{"line":38,"column":null}},"line":38},"5":{"name":"(anonymous_5)","decl":{"start":{"line":41,"column":34},"end":{"line":41,"column":35}},"loc":{"start":{"line":41,"column":92},"end":{"line":51,"column":7}},"line":41},"6":{"name":"(anonymous_6)","decl":{"start":{"line":45,"column":18},"end":{"line":45,"column":26}},"loc":{"start":{"line":45,"column":26},"end":{"line":45,"column":null}},"line":45},"7":{"name":"(anonymous_7)","decl":{"start":{"line":48,"column":19},"end":{"line":48,"column":null}},"loc":{"start":{"line":48,"column":19},"end":{"line":50,"column":11}},"line":48},"8":{"name":"(anonymous_8)","decl":{"start":{"line":67,"column":54},"end":{"line":67,"column":55}},"loc":{"start":{"line":67,"column":75},"end":{"line":75,"column":null}},"line":67},"9":{"name":"(anonymous_9)","decl":{"start":{"line":70,"column":24},"end":{"line":70,"column":null}},"loc":{"start":{"line":70,"column":24},"end":{"line":71,"column":42}},"line":70},"10":{"name":"(anonymous_10)","decl":{"start":{"line":83,"column":44},"end":{"line":83,"column":45}},"loc":{"start":{"line":83,"column":64},"end":{"line":126,"column":null}},"line":83},"11":{"name":"(anonymous_11)","decl":{"start":{"line":86,"column":24},"end":{"line":86,"column":null}},"loc":{"start":{"line":86,"column":24},"end":{"line":91,"column":null}},"line":86},"12":{"name":"(anonymous_12)","decl":{"start":{"line":88,"column":19},"end":{"line":88,"column":null}},"loc":{"start":{"line":88,"column":19},"end":{"line":90,"column":11}},"line":88},"13":{"name":"(anonymous_13)","decl":{"start":{"line":93,"column":20},"end":{"line":93,"column":null}},"loc":{"start":{"line":93,"column":20},"end":{"line":104,"column":null}},"line":93},"14":{"name":"(anonymous_14)","decl":{"start":{"line":106,"column":25},"end":{"line":106,"column":null}},"loc":{"start":{"line":106,"column":25},"end":{"line":111,"column":null}},"line":106}},"branchMap":{"0":{"loc":{"start":{"line":24,"column":4},"end":{"line":26,"column":null}},"type":"if","locations":[{"start":{"line":24,"column":4},"end":{"line":26,"column":null}},{"start":{},"end":{}}],"line":24},"1":{"loc":{"start":{"line":41,"column":69},"end":{"line":41,"column":92}},"type":"default-arg","locations":[{"start":{"line":41,"column":88},"end":{"line":41,"column":92}}],"line":41},"2":{"loc":{"start":{"line":94,"column":8},"end":{"line":103,"column":null}},"type":"switch","locations":[{"start":{"line":95,"column":12},"end":{"line":96,"column":null}},{"start":{"line":97,"column":12},"end":{"line":98,"column":null}},{"start":{"line":99,"column":12},"end":{"line":100,"column":null}},{"start":{"line":101,"column":12},"end":{"line":102,"column":null}}],"line":94},"3":{"loc":{"start":{"line":109,"column":26},"end":{"line":109,"column":null}},"type":"cond-expr","locations":[{"start":{"line":109,"column":38},"end":{"line":109,"column":53}},{"start":{"line":109,"column":53},"end":{"line":109,"column":null}}],"line":109}},"s":{"0":1,"1":1,"2":0,"3":0,"4":0,"5":0,"6":1,"7":1,"8":1,"9":0,"10":0,"11":0,"12":1,"13":0,"14":0,"15":0,"16":0,"17":0,"18":0,"19":1,"20":1,"21":1,"22":0,"23":1,"24":0,"25":0,"26":0,"27":0,"28":0,"29":0,"30":0,"31":0,"32":0,"33":0,"34":0,"35":0,"36":0,"37":0,"38":0,"39":0,"40":0},"f":{"0":0,"1":1,"2":0,"3":0,"4":0,"5":0,"6":0,"7":0,"8":1,"9":0,"10":0,"11":0,"12":0,"13":0,"14":0},"b":{"0":[0,0],"1":[0],"2":[0,0,0,0],"3":[0,0]},"meta":{"lastBranch":4,"lastFunction":15,"lastStatement":41,"seen":{"s:20:21:20:Infinity":0,"s:22:24:28:Infinity":1,"f:22:24:22:Infinity":0,"s:23:20:23:Infinity":2,"b:24:4:26:Infinity:undefined:undefined:undefined:undefined":0,"s:24:4:26:Infinity":3,"s:25:8:25:Infinity":4,"s:27:4:27:Infinity":5,"s:34:59:59:Infinity":6,"f:34:59:34:60":1,"s:35:29:35:Infinity":7,"s:37:10:39:Infinity":8,"f:37:36:37:37":2,"s:38:8:38:Infinity":9,"f:38:18:38:26":3,"s:38:26:38:Infinity":10,"f:38:38:38:47":4,"s:38:47:38:Infinity":11,"s:41:10:51:Infinity":12,"f:41:34:41:35":5,"b:41:88:41:92":1,"s:42:19:42:Infinity":13,"s:43:32:43:Infinity":14,"s:45:8:45:Infinity":15,"f:45:18:45:26":6,"s:45:26:45:Infinity":16,"s:48:8:50:Infinity":17,"f:48:19:48:Infinity":7,"s:49:12:49:Infinity":18,"s:53:4:56:Infinity":19,"s:67:54:75:Infinity":20,"f:67:54:67:55":8,"s:68:4:71:42":21,"f:70:24:70:Infinity":9,"s:70:24:71:42":22,"s:83:44:126:Infinity":23,"f:83:44:83:45":10,"s:84:35:84:Infinity":24,"s:86:24:91:Infinity":25,"f:86:24:86:Infinity":11,"s:87:8:87:Infinity":26,"s:88:8:90:17":27,"f:88:19:88:Infinity":12,"s:89:12:89:Infinity":28,"s:93:20:104:Infinity":29,"f:93:20:93:Infinity":13,"b:95:12:96:Infinity:97:12:98:Infinity:99:12:100:Infinity:101:12:102:Infinity":2,"s:94:8:103:Infinity":30,"s:96:16:96:Infinity":31,"s:98:16:98:Infinity":32,"s:100:16:100:Infinity":33,"s:102:16:102:Infinity":34,"s:106:25:111:Infinity":35,"f:106:25:106:Infinity":14,"s:107:26:107:Infinity":36,"s:108:26:108:47":37,"s:109:26:109:Infinity":38,"b:109:38:109:53:109:53:109:Infinity":3,"s:110:8:110:Infinity":39,"s:113:4:122:Infinity":40}}}
,"C:\\Users\\Notebook\\Downloads\\MaxiReact\\xicor\\src\\components\\WhatsAppButton.tsx": {"path":"C:\\Users\\Notebook\\Downloads\\MaxiReact\\xicor\\src\\components\\WhatsAppButton.tsx","statementMap":{"0":{"start":{"line":12,"column":54},"end":{"line":38,"column":null}},"1":{"start":{"line":17,"column":24},"end":{"line":21,"column":null}},"2":{"start":{"line":18,"column":31},"end":{"line":18,"column":null}},"3":{"start":{"line":19,"column":28},"end":{"line":19,"column":81}},"4":{"start":{"line":20,"column":8},"end":{"line":20,"column":null}},"5":{"start":{"line":23,"column":4},"end":{"line":35,"column":null}}},"fnMap":{"0":{"name":"(anonymous_0)","decl":{"start":{"line":12,"column":54},"end":{"line":12,"column":55}},"loc":{"start":{"line":16,"column":1},"end":{"line":38,"column":null}},"line":16},"1":{"name":"(anonymous_1)","decl":{"start":{"line":17,"column":24},"end":{"line":17,"column":null}},"loc":{"start":{"line":17,"column":24},"end":{"line":21,"column":null}},"line":17}},"branchMap":{"0":{"loc":{"start":{"line":13,"column":4},"end":{"line":13,"column":31}},"type":"default-arg","locations":[{"start":{"line":13,"column":18},"end":{"line":13,"column":31}}],"line":13},"1":{"loc":{"start":{"line":14,"column":4},"end":{"line":14,"column":46}},"type":"default-arg","locations":[{"start":{"line":14,"column":14},"end":{"line":14,"column":46}}],"line":14},"2":{"loc":{"start":{"line":15,"column":4},"end":{"line":15,"column":28}},"type":"default-arg","locations":[{"start":{"line":15,"column":11},"end":{"line":15,"column":28}}],"line":15}},"s":{"0":2,"1":2,"2":1,"3":1,"4":1,"5":2},"f":{"0":2,"1":1},"b":{"0":[2],"1":[2],"2":[2]},"meta":{"lastBranch":3,"lastFunction":2,"lastStatement":6,"seen":{"s:12:54:38:Infinity":0,"f:12:54:12:55":0,"b:13:18:13:31":0,"b:14:14:14:46":1,"b:15:11:15:28":2,"s:17:24:21:Infinity":1,"f:17:24:17:Infinity":1,"s:18:31:18:Infinity":2,"s:19:28:19:81":3,"s:20:8:20:Infinity":4,"s:23:4:35:Infinity":5}}}
,"C:\\Users\\Notebook\\Downloads\\MaxiReact\\xicor\\src\\services\\jwtService.ts": {"path":"C:\\Users\\Notebook\\Downloads\\MaxiReact\\xicor\\src\\services\\jwtService.ts","statementMap":{"0":{"start":{"line":5,"column":19},"end":{"line":5,"column":null}},"1":{"start":{"line":6,"column":25},"end":{"line":6,"column":null}},"2":{"start":{"line":18,"column":8},"end":{"line":21,"column":null}},"3":{"start":{"line":25,"column":8},"end":{"line":25,"column":null}},"4":{"start":{"line":26,"column":8},"end":{"line":28,"column":null}},"5":{"start":{"line":27,"column":12},"end":{"line":27,"column":null}},"6":{"start":{"line":29,"column":8},"end":{"line":29,"column":null}},"7":{"start":{"line":33,"column":19},"end":{"line":33,"column":null}},"8":{"start":{"line":34,"column":25},"end":{"line":34,"column":null}},"9":{"start":{"line":35,"column":8},"end":{"line":39,"column":null}},"10":{"start":{"line":35,"column":21},"end":{"line":35,"column":24}},"11":{"start":{"line":36,"column":25},"end":{"line":36,"column":null}},"12":{"start":{"line":37,"column":12},"end":{"line":37,"column":null}},"13":{"start":{"line":38,"column":12},"end":{"line":38,"column":null}},"14":{"start":{"line":40,"column":8},"end":{"line":40,"column":null}},"15":{"start":{"line":44,"column":20},"end":{"line":44,"column":null}},"16":{"start":{"line":45,"column":38},"end":{"line":51,"column":null}},"17":{"start":{"line":53,"column":23},"end":{"line":53,"column":null}},"18":{"start":{"line":54,"column":30},"end":{"line":54,"column":null}},"19":{"start":{"line":55,"column":31},"end":{"line":55,"column":null}},"20":{"start":{"line":56,"column":26},"end":{"line":56,"column":null}},"21":{"start":{"line":58,"column":8},"end":{"line":58,"column":null}},"22":{"start":{"line":62,"column":8},"end":{"line":85,"column":null}},"23":{"start":{"line":63,"column":26},"end":{"line":63,"column":null}},"24":{"start":{"line":64,"column":12},"end":{"line":64,"column":null}},"25":{"start":{"line":64,"column":36},"end":{"line":64,"column":null}},"26":{"start":{"line":66,"column":63},"end":{"line":66,"column":null}},"27":{"start":{"line":67,"column":38},"end":{"line":67,"column":null}},"28":{"start":{"line":69,"column":12},"end":{"line":72,"column":null}},"29":{"start":{"line":70,"column":16},"end":{"line":70,"column":null}},"30":{"start":{"line":71,"column":16},"end":{"line":71,"column":null}},"31":{"start":{"line":74,"column":42},"end":{"line":74,"column":null}},"32":{"start":{"line":76,"column":12},"end":{"line":79,"column":null}},"33":{"start":{"line":77,"column":16},"end":{"line":77,"column":null}},"34":{"start":{"line":78,"column":16},"end":{"line":78,"column":null}},"35":{"start":{"line":81,"column":12},"end":{"line":81,"column":null}},"36":{"start":{"line":83,"column":12},"end":{"line":83,"column":null}},"37":{"start":{"line":84,"column":12},"end":{"line":84,"column":null}},"38":{"start":{"line":90,"column":8},"end":{"line":90,"column":null}},"39":{"start":{"line":94,"column":8},"end":{"line":94,"column":null}},"40":{"start":{"line":98,"column":8},"end":{"line":98,"column":null}},"41":{"start":{"line":102,"column":22},"end":{"line":102,"column":null}},"42":{"start":{"line":103,"column":8},"end":{"line":103,"column":null}},"43":{"start":{"line":103,"column":20},"end":{"line":103,"column":null}},"44":{"start":{"line":104,"column":8},"end":{"line":104,"column":null}},"45":{"start":{"line":108,"column":22},"end":{"line":108,"column":null}},"46":{"start":{"line":109,"column":8},"end":{"line":109,"column":null}},"47":{"start":{"line":109,"column":20},"end":{"line":109,"column":null}},"48":{"start":{"line":110,"column":8},"end":{"line":110,"column":null}},"49":{"start":{"line":114,"column":24},"end":{"line":114,"column":null}},"50":{"start":{"line":115,"column":8},"end":{"line":115,"column":null}},"51":{"start":{"line":119,"column":24},"end":{"line":119,"column":null}},"52":{"start":{"line":120,"column":8},"end":{"line":120,"column":null}},"53":{"start":{"line":124,"column":24},"end":{"line":124,"column":null}},"54":{"start":{"line":125,"column":8},"end":{"line":125,"column":null}},"55":{"start":{"line":125,"column":22},"end":{"line":125,"column":null}},"56":{"start":{"line":126,"column":24},"end":{"line":126,"column":null}},"57":{"start":{"line":127,"column":8},"end":{"line":127,"column":null}},"58":{"start":{"line":131,"column":8},"end":{"line":135,"column":null}},"59":{"start":{"line":132,"column":29},"end":{"line":132,"column":null}},"60":{"start":{"line":133,"column":12},"end":{"line":133,"column":null}},"61":{"start":{"line":134,"column":12},"end":{"line":134,"column":null}}},"fnMap":{"0":{"name":"(anonymous_0)","decl":{"start":{"line":17,"column":19},"end":{"line":17,"column":35}},"loc":{"start":{"line":17,"column":56},"end":{"line":22,"column":null}},"line":17},"1":{"name":"(anonymous_1)","decl":{"start":{"line":24,"column":19},"end":{"line":24,"column":35}},"loc":{"start":{"line":24,"column":56},"end":{"line":30,"column":null}},"line":24},"2":{"name":"(anonymous_2)","decl":{"start":{"line":32,"column":19},"end":{"line":32,"column":35}},"loc":{"start":{"line":32,"column":73},"end":{"line":41,"column":null}},"line":32},"3":{"name":"(anonymous_3)","decl":{"start":{"line":43,"column":11},"end":{"line":43,"column":25}},"loc":{"start":{"line":43,"column":45},"end":{"line":59,"column":null}},"line":43},"4":{"name":"(anonymous_4)","decl":{"start":{"line":61,"column":11},"end":{"line":61,"column":23}},"loc":{"start":{"line":61,"column":59},"end":{"line":86,"column":null}},"line":61},"5":{"name":"(anonymous_5)","decl":{"start":{"line":89,"column":11},"end":{"line":89,"column":21}},"loc":{"start":{"line":89,"column":42},"end":{"line":91,"column":null}},"line":89},"6":{"name":"(anonymous_6)","decl":{"start":{"line":93,"column":11},"end":{"line":93,"column":37}},"loc":{"start":{"line":93,"column":37},"end":{"line":95,"column":null}},"line":93},"7":{"name":"(anonymous_7)","decl":{"start":{"line":97,"column":11},"end":{"line":97,"column":31}},"loc":{"start":{"line":97,"column":31},"end":{"line":99,"column":null}},"line":97},"8":{"name":"(anonymous_8)","decl":{"start":{"line":101,"column":11},"end":{"line":101,"column":38}},"loc":{"start":{"line":101,"column":38},"end":{"line":105,"column":null}},"line":101},"9":{"name":"(anonymous_9)","decl":{"start":{"line":107,"column":11},"end":{"line":107,"column":50}},"loc":{"start":{"line":107,"column":50},"end":{"line":111,"column":null}},"line":107},"10":{"name":"(anonymous_10)","decl":{"start":{"line":113,"column":11},"end":{"line":113,"column":45}},"loc":{"start":{"line":113,"column":45},"end":{"line":116,"column":null}},"line":113},"11":{"name":"(anonymous_11)","decl":{"start":{"line":118,"column":11},"end":{"line":118,"column":47}},"loc":{"start":{"line":118,"column":47},"end":{"line":121,"column":null}},"line":118},"12":{"name":"(anonymous_12)","decl":{"start":{"line":123,"column":11},"end":{"line":123,"column":37}},"loc":{"start":{"line":123,"column":37},"end":{"line":128,"column":null}},"line":123},"13":{"name":"(anonymous_13)","decl":{"start":{"line":130,"column":11},"end":{"line":130,"column":32}},"loc":{"start":{"line":130,"column":50},"end":{"line":136,"column":null}},"line":130}},"branchMap":{"0":{"loc":{"start":{"line":64,"column":12},"end":{"line":64,"column":null}},"type":"if","locations":[{"start":{"line":64,"column":12},"end":{"line":64,"column":null}},{"start":{},"end":{}}],"line":64},"1":{"loc":{"start":{"line":69,"column":12},"end":{"line":72,"column":null}},"type":"if","locations":[{"start":{"line":69,"column":12},"end":{"line":72,"column":null}},{"start":{},"end":{}}],"line":69},"2":{"loc":{"start":{"line":76,"column":12},"end":{"line":79,"column":null}},"type":"if","locations":[{"start":{"line":76,"column":12},"end":{"line":79,"column":null}},{"start":{},"end":{}}],"line":76},"3":{"loc":{"start":{"line":103,"column":8},"end":{"line":103,"column":null}},"type":"if","locations":[{"start":{"line":103,"column":8},"end":{"line":103,"column":null}},{"start":{},"end":{}}],"line":103},"4":{"loc":{"start":{"line":109,"column":8},"end":{"line":109,"column":null}},"type":"if","locations":[{"start":{"line":109,"column":8},"end":{"line":109,"column":null}},{"start":{},"end":{}}],"line":109},"5":{"loc":{"start":{"line":115,"column":15},"end":{"line":115,"column":null}},"type":"cond-expr","locations":[{"start":{"line":115,"column":25},"end":{"line":115,"column":39}},{"start":{"line":115,"column":42},"end":{"line":115,"column":null}}],"line":115},"6":{"loc":{"start":{"line":120,"column":15},"end":{"line":120,"column":null}},"type":"cond-expr","locations":[{"start":{"line":120,"column":25},"end":{"line":120,"column":36}},{"start":{"line":120,"column":39},"end":{"line":120,"column":null}}],"line":120},"7":{"loc":{"start":{"line":125,"column":8},"end":{"line":125,"column":null}},"type":"if","locations":[{"start":{"line":125,"column":8},"end":{"line":125,"column":null}},{"start":{},"end":{}}],"line":125},"8":{"loc":{"start":{"line":131,"column":8},"end":{"line":135,"column":null}},"type":"if","locations":[{"start":{"line":131,"column":8},"end":{"line":135,"column":null}},{"start":{},"end":{}}],"line":131}},"s":{"0":1,"1":1,"2":0,"3":0,"4":0,"5":0,"6":0,"7":0,"8":0,"9":0,"10":0,"11":0,"12":0,"13":0,"14":0,"15":0,"16":0,"17":0,"18":0,"19":0,"20":0,"21":0,"22":0,"23":0,"24":0,"25":0,"26":0,"27":0,"28":0,"29":0,"30":0,"31":0,"32":0,"33":0,"34":0,"35":0,"36":0,"37":0,"38":0,"39":1,"40":0,"41":0,"42":0,"43":0,"44":0,"45":1,"46":1,"47":1,"48":0,"49":0,"50":0,"51":0,"52":0,"53":1,"54":1,"55":1,"56":0,"57":0,"58":0,"59":0,"60":0,"61":0},"f":{"0":1,"1":1,"2":1,"3":1,"4":1,"5":1,"6":1,"7":1,"8":1,"9":1,"10":1,"11":1,"12":1,"13":1},"b":{"0":[0,0],"1":[0,0],"2":[0,0],"3":[0,0],"4":[1,0],"5":[0,0],"6":[0,0],"7":[1,0],"8":[0,0]},"meta":{"lastBranch":9,"lastFunction":14,"lastStatement":62,"seen":{"s:5:19:5:Infinity":0,"s:6:25:6:Infinity":1,"f:17:19:17:35":0,"s:18:8:21:Infinity":2,"f:24:19:24:35":1,"s:25:8:25:Infinity":3,"s:26:8:28:Infinity":4,"s:27:12:27:Infinity":5,"s:29:8:29:Infinity":6,"f:32:19:32:35":2,"s:33:19:33:Infinity":7,"s:34:25:34:Infinity":8,"s:35:8:39:Infinity":9,"s:35:21:35:24":10,"s:36:25:36:Infinity":11,"s:37:12:37:Infinity":12,"s:38:12:38:Infinity":13,"s:40:8:40:Infinity":14,"f:43:11:43:25":3,"s:44:20:44:Infinity":15,"s:45:38:51:Infinity":16,"s:53:23:53:Infinity":17,"s:54:30:54:Infinity":18,"s:55:31:55:Infinity":19,"s:56:26:56:Infinity":20,"s:58:8:58:Infinity":21,"f:61:11:61:23":4,"s:62:8:85:Infinity":22,"s:63:26:63:Infinity":23,"b:64:12:64:Infinity:undefined:undefined:undefined:undefined":0,"s:64:12:64:Infinity":24,"s:64:36:64:Infinity":25,"s:66:63:66:Infinity":26,"s:67:38:67:Infinity":27,"b:69:12:72:Infinity:undefined:undefined:undefined:undefined":1,"s:69:12:72:Infinity":28,"s:70:16:70:Infinity":29,"s:71:16:71:Infinity":30,"s:74:42:74:Infinity":31,"b:76:12:79:Infinity:undefined:undefined:undefined:undefined":2,"s:76:12:79:Infinity":32,"s:77:16:77:Infinity":33,"s:78:16:78:Infinity":34,"s:81:12:81:Infinity":35,"s:83:12:83:Infinity":36,"s:84:12:84:Infinity":37,"f:89:11:89:21":5,"s:90:8:90:Infinity":38,"f:93:11:93:37":6,"s:94:8:94:Infinity":39,"f:97:11:97:31":7,"s:98:8:98:Infinity":40,"f:101:11:101:38":8,"s:102:22:102:Infinity":41,"b:103:8:103:Infinity:undefined:undefined:undefined:undefined":3,"s:103:8:103:Infinity":42,"s:103:20:103:Infinity":43,"s:104:8:104:Infinity":44,"f:107:11:107:50":9,"s:108:22:108:Infinity":45,"b:109:8:109:Infinity:undefined:undefined:undefined:undefined":4,"s:109:8:109:Infinity":46,"s:109:20:109:Infinity":47,"s:110:8:110:Infinity":48,"f:113:11:113:45":10,"s:114:24:114:Infinity":49,"s:115:8:115:Infinity":50,"b:115:25:115:39:115:42:115:Infinity":5,"f:118:11:118:47":11,"s:119:24:119:Infinity":51,"s:120:8:120:Infinity":52,"b:120:25:120:36:120:39:120:Infinity":6,"f:123:11:123:37":12,"s:124:24:124:Infinity":53,"b:125:8:125:Infinity:undefined:undefined:undefined:undefined":7,"s:125:8:125:Infinity":54,"s:125:22:125:Infinity":55,"s:126:24:126:Infinity":56,"s:127:8:127:Infinity":57,"f:130:11:130:32":13,"b:131:8:135:Infinity:undefined:undefined:undefined:undefined":8,"s:131:8:135:Infinity":58,"s:132:29:132:Infinity":59,"s:133:12:133:Infinity":60,"s:134:12:134:Infinity":61}}}
,"C:\\Users\\Notebook\\Downloads\\MaxiReact\\xicor\\src\\services\\validationService.ts": {"path":"C:\\Users\\Notebook\\Downloads\\MaxiReact\\xicor\\src\\services\\validationService.ts","statementMap":{"0":{"start":{"line":6,"column":22},"end":{"line":6,"column":null}},"1":{"start":{"line":7,"column":8},"end":{"line":7,"column":null}},"2":{"start":{"line":13,"column":8},"end":{"line":13,"column":null}},"3":{"start":{"line":15,"column":8},"end":{"line":15,"column":null}},"4":{"start":{"line":15,"column":28},"end":{"line":15,"column":null}},"5":{"start":{"line":17,"column":23},"end":{"line":17,"column":null}},"6":{"start":{"line":18,"column":19},"end":{"line":18,"column":null}},"7":{"start":{"line":21,"column":19},"end":{"line":21,"column":null}},"8":{"start":{"line":22,"column":28},"end":{"line":22,"column":null}},"9":{"start":{"line":24,"column":8},"end":{"line":27,"column":null}},"10":{"start":{"line":24,"column":21},"end":{"line":24,"column":40}},"11":{"start":{"line":25,"column":12},"end":{"line":25,"column":null}},"12":{"start":{"line":26,"column":12},"end":{"line":26,"column":null}},"13":{"start":{"line":29,"column":27},"end":{"line":29,"column":null}},"14":{"start":{"line":30,"column":28},"end":{"line":30,"column":null}},"15":{"start":{"line":32,"column":8},"end":{"line":32,"column":null}},"16":{"start":{"line":37,"column":20},"end":{"line":37,"column":null}},"17":{"start":{"line":39,"column":8},"end":{"line":39,"column":null}},"18":{"start":{"line":39,"column":32},"end":{"line":39,"column":null}},"19":{"start":{"line":42,"column":23},"end":{"line":42,"column":null}},"20":{"start":{"line":43,"column":19},"end":{"line":43,"column":null}},"21":{"start":{"line":46,"column":8},"end":{"line":49,"column":null}},"22":{"start":{"line":47,"column":37},"end":{"line":47,"column":null}},"23":{"start":{"line":48,"column":12},"end":{"line":48,"column":null}},"24":{"start":{"line":51,"column":8},"end":{"line":51,"column":null}},"25":{"start":{"line":56,"column":20},"end":{"line":56,"column":null}},"26":{"start":{"line":57,"column":27},"end":{"line":57,"column":null}},"27":{"start":{"line":58,"column":19},"end":{"line":58,"column":null}},"28":{"start":{"line":59,"column":20},"end":{"line":59,"column":null}},"29":{"start":{"line":61,"column":8},"end":{"line":63,"column":null}},"30":{"start":{"line":62,"column":12},"end":{"line":62,"column":null}},"31":{"start":{"line":65,"column":8},"end":{"line":65,"column":null}},"32":{"start":{"line":70,"column":8},"end":{"line":70,"column":null}},"33":{"start":{"line":70,"column":35},"end":{"line":70,"column":null}},"34":{"start":{"line":72,"column":31},"end":{"line":72,"column":null}},"35":{"start":{"line":73,"column":31},"end":{"line":73,"column":null}},"36":{"start":{"line":74,"column":28},"end":{"line":74,"column":null}},"37":{"start":{"line":76,"column":8},"end":{"line":76,"column":null}},"38":{"start":{"line":81,"column":22},"end":{"line":81,"column":null}},"39":{"start":{"line":82,"column":8},"end":{"line":82,"column":null}},"40":{"start":{"line":87,"column":22},"end":{"line":87,"column":null}},"41":{"start":{"line":88,"column":8},"end":{"line":88,"column":null}},"42":{"start":{"line":93,"column":8},"end":{"line":93,"column":null}},"43":{"start":{"line":98,"column":8},"end":{"line":98,"column":null}}},"fnMap":{"0":{"name":"(anonymous_0)","decl":{"start":{"line":5,"column":11},"end":{"line":5,"column":24}},"loc":{"start":{"line":5,"column":48},"end":{"line":8,"column":null}},"line":5},"1":{"name":"(anonymous_1)","decl":{"start":{"line":11,"column":11},"end":{"line":11,"column":22}},"loc":{"start":{"line":11,"column":44},"end":{"line":33,"column":null}},"line":11},"2":{"name":"(anonymous_2)","decl":{"start":{"line":36,"column":11},"end":{"line":36,"column":24}},"loc":{"start":{"line":36,"column":45},"end":{"line":52,"column":null}},"line":36},"3":{"name":"(anonymous_3)","decl":{"start":{"line":55,"column":11},"end":{"line":55,"column":23}},"loc":{"start":{"line":55,"column":57},"end":{"line":66,"column":null}},"line":55},"4":{"name":"(anonymous_4)","decl":{"start":{"line":69,"column":11},"end":{"line":69,"column":29}},"loc":{"start":{"line":69,"column":58},"end":{"line":77,"column":null}},"line":69},"5":{"name":"(anonymous_5)","decl":{"start":{"line":80,"column":11},"end":{"line":80,"column":24}},"loc":{"start":{"line":80,"column":48},"end":{"line":83,"column":null}},"line":80},"6":{"name":"(anonymous_6)","decl":{"start":{"line":86,"column":11},"end":{"line":86,"column":27}},"loc":{"start":{"line":86,"column":54},"end":{"line":89,"column":null}},"line":86},"7":{"name":"(anonymous_7)","decl":{"start":{"line":92,"column":11},"end":{"line":92,"column":28}},"loc":{"start":{"line":92,"column":52},"end":{"line":94,"column":null}},"line":92},"8":{"name":"(anonymous_8)","decl":{"start":{"line":97,"column":11},"end":{"line":97,"column":33}},"loc":{"start":{"line":97,"column":58},"end":{"line":99,"column":null}},"line":97}},"branchMap":{"0":{"loc":{"start":{"line":7,"column":15},"end":{"line":7,"column":null}},"type":"binary-expr","locations":[{"start":{"line":7,"column":15},"end":{"line":7,"column":36}},{"start":{"line":7,"column":36},"end":{"line":7,"column":null}}],"line":7},"1":{"loc":{"start":{"line":15,"column":8},"end":{"line":15,"column":null}},"type":"if","locations":[{"start":{"line":15,"column":8},"end":{"line":15,"column":null}},{"start":{},"end":{}}],"line":15},"2":{"loc":{"start":{"line":26,"column":28},"end":{"line":26,"column":null}},"type":"cond-expr","locations":[{"start":{"line":26,"column":50},"end":{"line":26,"column":54}},{"start":{"line":26,"column":54},"end":{"line":26,"column":null}}],"line":26},"3":{"loc":{"start":{"line":30,"column":28},"end":{"line":30,"column":null}},"type":"cond-expr","locations":[{"start":{"line":30,"column":48},"end":{"line":30,"column":54}},{"start":{"line":30,"column":54},"end":{"line":30,"column":null}}],"line":30},"4":{"loc":{"start":{"line":30,"column":54},"end":{"line":30,"column":null}},"type":"cond-expr","locations":[{"start":{"line":30,"column":74},"end":{"line":30,"column":80}},{"start":{"line":30,"column":80},"end":{"line":30,"column":null}}],"line":30},"5":{"loc":{"start":{"line":39,"column":8},"end":{"line":39,"column":null}},"type":"if","locations":[{"start":{"line":39,"column":8},"end":{"line":39,"column":null}},{"start":{},"end":{}}],"line":39},"6":{"loc":{"start":{"line":46,"column":8},"end":{"line":49,"column":null}},"type":"if","locations":[{"start":{"line":46,"column":8},"end":{"line":49,"column":null}},{"start":{},"end":{}}],"line":46},"7":{"loc":{"start":{"line":48,"column":39},"end":{"line":48,"column":56}},"type":"cond-expr","locations":[{"start":{"line":48,"column":44},"end":{"line":48,"column":55}},{"start":{"line":48,"column":55},"end":{"line":48,"column":56}}],"line":48},"8":{"loc":{"start":{"line":61,"column":8},"end":{"line":63,"column":null}},"type":"if","locations":[{"start":{"line":61,"column":8},"end":{"line":63,"column":null}},{"start":{},"end":{}}],"line":61},"9":{"loc":{"start":{"line":61,"column":12},"end":{"line":61,"column":76}},"type":"binary-expr","locations":[{"start":{"line":61,"column":12},"end":{"line":61,"column":24}},{"start":{"line":61,"column":24},"end":{"line":61,"column":37}},{"start":{"line":61,"column":37},"end":{"line":61,"column":76}}],"line":61},"10":{"loc":{"start":{"line":70,"column":8},"end":{"line":70,"column":null}},"type":"if","locations":[{"start":{"line":70,"column":8},"end":{"line":70,"column":null}},{"start":{},"end":{}}],"line":70},"11":{"loc":{"start":{"line":76,"column":15},"end":{"line":76,"column":null}},"type":"binary-expr","locations":[{"start":{"line":76,"column":15},"end":{"line":76,"column":33}},{"start":{"line":76,"column":33},"end":{"line":76,"column":51}},{"start":{"line":76,"column":51},"end":{"line":76,"column":null}}],"line":76},"12":{"loc":{"start":{"line":98,"column":15},"end":{"line":98,"column":null}},"type":"binary-expr","locations":[{"start":{"line":98,"column":15},"end":{"line":98,"column":29}},{"start":{"line":98,"column":29},"end":{"line":98,"column":null}}],"line":98}},"s":{"0":0,"1":0,"2":2,"3":2,"4":0,"5":2,"6":2,"7":2,"8":2,"9":2,"10":2,"11":16,"12":16,"13":2,"14":2,"15":2,"16":0,"17":0,"18":0,"19":0,"20":0,"21":0,"22":0,"23":0,"24":0,"25":1,"26":1,"27":1,"28":1,"29":1,"30":1,"31":1,"32":1,"33":0,"34":1,"35":1,"36":1,"37":1,"38":2,"39":2,"40":0,"41":0,"42":0,"43":0},"f":{"0":1,"1":1,"2":1,"3":1,"4":1,"5":1,"6":1,"7":1,"8":1},"b":{"0":[0,0],"1":[0,2],"2":[2,14],"3":[0,2],"4":[0,2],"5":[0,0],"6":[0,0],"7":[0,0],"8":[1,0],"9":[1,0,0],"10":[0,1],"11":[1,1,1],"12":[0,0]},"meta":{"lastBranch":13,"lastFunction":9,"lastStatement":44,"seen":{"f:5:11:5:24":0,"s:6:22:6:Infinity":0,"s:7:8:7:Infinity":1,"b:7:15:7:36:7:36:7:Infinity":0,"f:11:11:11:22":1,"s:13:8:13:Infinity":2,"b:15:8:15:Infinity:undefined:undefined:undefined:undefined":1,"s:15:8:15:Infinity":3,"s:15:28:15:Infinity":4,"s:17:23:17:Infinity":5,"s:18:19:18:Infinity":6,"s:21:19:21:Infinity":7,"s:22:28:22:Infinity":8,"s:24:8:27:Infinity":9,"s:24:21:24:40":10,"s:25:12:25:Infinity":11,"s:26:12:26:Infinity":12,"b:26:50:26:54:26:54:26:Infinity":2,"s:29:27:29:Infinity":13,"s:30:28:30:Infinity":14,"b:30:48:30:54:30:54:30:Infinity":3,"b:30:74:30:80:30:80:30:Infinity":4,"s:32:8:32:Infinity":15,"f:36:11:36:24":2,"s:37:20:37:Infinity":16,"b:39:8:39:Infinity:undefined:undefined:undefined:undefined":5,"s:39:8:39:Infinity":17,"s:39:32:39:Infinity":18,"s:42:23:42:Infinity":19,"s:43:19:43:Infinity":20,"b:46:8:49:Infinity:undefined:undefined:undefined:undefined":6,"s:46:8:49:Infinity":21,"s:47:37:47:Infinity":22,"s:48:12:48:Infinity":23,"b:48:44:48:55:48:55:48:56":7,"s:51:8:51:Infinity":24,"f:55:11:55:23":3,"s:56:20:56:Infinity":25,"s:57:27:57:Infinity":26,"s:58:19:58:Infinity":27,"s:59:20:59:Infinity":28,"b:61:8:63:Infinity:undefined:undefined:undefined:undefined":8,"s:61:8:63:Infinity":29,"b:61:12:61:24:61:24:61:37:61:37:61:76":9,"s:62:12:62:Infinity":30,"s:65:8:65:Infinity":31,"f:69:11:69:29":4,"b:70:8:70:Infinity:undefined:undefined:undefined:undefined":10,"s:70:8:70:Infinity":32,"s:70:35:70:Infinity":33,"s:72:31:72:Infinity":34,"s:73:31:73:Infinity":35,"s:74:28:74:Infinity":36,"s:76:8:76:Infinity":37,"b:76:15:76:33:76:33:76:51:76:51:76:Infinity":11,"f:80:11:80:24":5,"s:81:22:81:Infinity":38,"s:82:8:82:Infinity":39,"f:86:11:86:27":6,"s:87:22:87:Infinity":40,"s:88:8:88:Infinity":41,"f:92:11:92:28":7,"s:93:8:93:Infinity":42,"f:97:11:97:33":8,"s:98:8:98:Infinity":43,"b:98:15:98:29:98:29:98:Infinity":12}}}
,"C:\\Users\\Notebook\\Downloads\\MaxiReact\\xicor\\src\\styles\\toast.css": {"path":"C:\\Users\\Notebook\\Downloads\\MaxiReact\\xicor\\src\\styles\\toast.css","statementMap":{},"fnMap":{},"branchMap":{},"s":{},"f":{},"b":{},"meta":{"lastBranch":0,"lastFunction":0,"lastStatement":0,"seen":{}}}
}
